This is pdfTeX, Version 3.141592653-2.6-1.40.24 (TeX Live 2022) (preloaded format=pdflatex 2022.11.1)  11 NOV 2022 10:27
entering extended mode
 restricted \write18 enabled.
 %&-line parsing enabled.
**discriptionVer.tex
(./discriptionVer.tex
LaTeX2e <2022-06-01> patch level 5
L3 programming layer <2022-10-26>
(d:/texlive/2022/texmf-dist/tex/latex/extsizes/extarticle.cls
Document Class: extarticle 1996/10/08 v1.0 Non Standard LaTeX document class
(d:/texlive/2022/texmf-dist/tex/latex/base/size10.clo
File: size10.clo 2021/10/04 v1.4n Standard LaTeX file (size option)
)
(d:/texlive/2022/texmf-dist/tex/latex/base/exscale.sty
Package: exscale 2018/09/24 v2.1i Standard LaTeX package exscale
LaTeX Font Info:    Redeclaring symbol font `largesymbols' on input line 57.
LaTeX Font Info:    Overwriting symbol font `largesymbols' in version `normal'
(Font)                  OMX/cmex/m/n --> OMX/cmex/m/n on input line 57.
LaTeX Font Info:    Overwriting symbol font `largesymbols' in version `bold'
(Font)                  OMX/cmex/m/n --> OMX/cmex/m/n on input line 57.
\big@size=\dimen138
)
\c@part=\count185
\c@section=\count186
\c@subsection=\count187
\c@subsubsection=\count188
\c@paragraph=\count189
\c@subparagraph=\count190
\c@figure=\count191
\c@table=\count192
\abovecaptionskip=\skip47
\belowcaptionskip=\skip48
\bibindent=\dimen139
)
(d:/texlive/2022/texmf-dist/tex/latex/algorithmicx/algpseudocode.sty
Package: algpseudocode 

(d:/texlive/2022/texmf-dist/tex/latex/base/ifthen.sty
Package: ifthen 2022/04/13 v1.1d Standard LaTeX ifthen package (DPC)
)
(d:/texlive/2022/texmf-dist/tex/latex/algorithmicx/algorithmicx.sty
Package: algorithmicx 2005/04/27 v1.2 Algorithmicx

Document Style algorithmicx 1.2 - a greatly improved `algorithmic' style
\c@ALG@line=\count193
\c@ALG@rem=\count194
\c@ALG@nested=\count195
\ALG@tlm=\skip49
\ALG@thistlm=\skip50
\c@ALG@Lnr=\count196
\c@ALG@blocknr=\count197
\c@ALG@storecount=\count198
\c@ALG@tmpcounter=\count199
\ALG@tmplength=\skip51
)
Document Style - pseudocode environments for use with the `algorithmicx' style
) (d:/texlive/2022/texmf-dist/tex/latex/algorithms/algorithm.sty
Package: algorithm 2009/08/24 v0.1 Document Style `algorithm' - floating enviro
nment

(d:/texlive/2022/texmf-dist/tex/latex/float/float.sty
Package: float 2001/11/08 v1.3d Float enhancements (AL)
\c@float@type=\count266
\float@exts=\toks16
\float@box=\box51
\@float@everytoks=\toks17
\@floatcapt=\box52
)
\@float@every@algorithm=\toks18
\c@algorithm=\count267
)
(d:/texlive/2022/texmf-dist/tex/latex/l3backend/l3backend-pdftex.def
File: l3backend-pdftex.def 2022-10-26 L3 backend support: PDF output (pdfTeX)
\l__color_backend_stack_int=\count268
\l__pdf_internal_box=\box53
)
(./discriptionVer.aux)
\openout1 = `discriptionVer.aux'.

LaTeX Font Info:    Checking defaults for OML/cmm/m/it on input line 7.
LaTeX Font Info:    ... okay on input line 7.
LaTeX Font Info:    Checking defaults for OMS/cmsy/m/n on input line 7.
LaTeX Font Info:    ... okay on input line 7.
LaTeX Font Info:    Checking defaults for OT1/cmr/m/n on input line 7.
LaTeX Font Info:    ... okay on input line 7.
LaTeX Font Info:    Checking defaults for T1/cmr/m/n on input line 7.
LaTeX Font Info:    ... okay on input line 7.
LaTeX Font Info:    Checking defaults for TS1/cmr/m/n on input line 7.
LaTeX Font Info:    ... okay on input line 7.
LaTeX Font Info:    Checking defaults for OMX/cmex/m/n on input line 7.
LaTeX Font Info:    ... okay on input line 7.
LaTeX Font Info:    Checking defaults for U/cmr/m/n on input line 7.
LaTeX Font Info:    ... okay on input line 7.
LaTeX Font Info:    External font `cmex7' loaded for size
(Font)              <7> on input line 12.
LaTeX Font Info:    External font `cmex7' loaded for size
(Font)              <5> on input line 12.
LaTeX Font Info:    Trying to load font information for OMS+cmr on input line 1
2.
 (d:/texlive/2022/texmf-dist/tex/latex/base/omscmr.fd
File: omscmr.fd 2019/12/16 v2.5j Standard LaTeX font definitions
)
LaTeX Font Info:    Font shape `OMS/cmr/m/n' in size <10> not available
(Font)              Font shape `OMS/cmsy/m/n' tried instead on input line 12.

[1

{d:/texlive/2022/texmf-var/fonts/map/pdftex/updmap/pdftex.map}]
(./discriptionVer.aux) ) 
Here is how much of TeX's memory you used:
 1198 strings out of 475066
 22625 string characters out of 5782773
 366088 words of memory out of 5000000
 22660 multiletter control sequences out of 15000+600000
 469794 words of font info for 30 fonts, out of 8000000 for 9000
 1141 hyphenation exceptions out of 8191
 46i,6n,49p,282b,322s stack positions out of 10000i,1000n,20000p,200000b,200000s
<d:/texlive/2022/texmf-dist/fonts/type1/public/amsfonts
/cm/cmbx10.pfb><d:/texlive/2022/texmf-dist/fonts/type1/public/amsfonts/cm/cmmi1
0.pfb><d:/texlive/2022/texmf-dist/fonts/type1/public/amsfonts/cm/cmmi5.pfb><d:/
texlive/2022/texmf-dist/fonts/type1/public/amsfonts/cm/cmmi7.pfb><d:/texlive/20
22/texmf-dist/fonts/type1/public/amsfonts/cm/cmr10.pfb><d:/texlive/2022/texmf-d
ist/fonts/type1/public/amsfonts/cm/cmsy10.pfb>
Output written on discriptionVer.pdf (1 page, 71342 bytes).
PDF statistics:
 38 PDF objects out of 1000 (max. 8388607)
 22 compressed objects within 1 object stream
 0 named destinations out of 1000 (max. 500000)
 1 words of extra memory for PDF output out of 10000 (max. 10000000)

